<?xml version="1.0" encoding="UTF-8"?>
<testng-results skipped="0" failed="0" ignored="11" total="12" passed="1">
  <reporter-output>
  </reporter-output>
  <suite name="Suite" duration-ms="16737" started-at="2020-04-04T12:54:08Z" finished-at="2020-04-04T12:54:25Z">
    <groups>
    </groups>
    <test name="Test" duration-ms="16737" started-at="2020-04-04T12:54:08Z" finished-at="2020-04-04T12:54:25Z">
      <class name="com.demo.InteractionWithElements">
        <test-method status="PASS" signature="preLaunch()[pri:0, instance:com.demo.InteractionWithElements@8a102f]" name="preLaunch" is-config="true" duration-ms="13718" started-at="2020-04-04T12:54:08Z" finished-at="2020-04-04T12:54:22Z">
          <reporter-output>
          </reporter-output>
        </test-method> <!-- preLaunch -->
        <test-method status="PASS" signature="interactionWithTables()[pri:0, instance:com.demo.InteractionWithElements@8a102f]" name="interactionWithTables" duration-ms="1286" started-at="2020-04-04T12:54:22Z" finished-at="2020-04-04T12:54:23Z">
          <reporter-output>
          </reporter-output>
        </test-method> <!-- interactionWithTables -->
        <test-method status="PASS" signature="postLaunch()[pri:0, instance:com.demo.InteractionWithElements@8a102f]" name="postLaunch" is-config="true" duration-ms="1675" started-at="2020-04-04T12:54:23Z" finished-at="2020-04-04T12:54:25Z">
          <reporter-output>
          </reporter-output>
        </test-method> <!-- postLaunch -->
      </class> <!-- com.demo.InteractionWithElements -->
    </test> <!-- Test -->
  </suite> <!-- Suite -->
</testng-results>
