<?xml version="1.0" encoding="UTF-8"?>
<testng-results skipped="0" failed="0" ignored="3" total="4" passed="1">
  <reporter-output>
  </reporter-output>
  <suite name="Default suite" duration-ms="2353" started-at="2021-01-02T11:53:27Z" finished-at="2021-01-02T11:53:30Z">
    <groups>
    </groups>
    <test name="Default test" duration-ms="2353" started-at="2021-01-02T11:53:27Z" finished-at="2021-01-02T11:53:30Z">
      <class name="com.demo.ExcelOperations">
        <test-method status="PASS" signature="readExcelFromApachePOI()[pri:0, instance:com.demo.ExcelOperations@aa0a0a]" name="readExcelFromApachePOI" duration-ms="2280" started-at="2021-01-02T11:53:27Z" finished-at="2021-01-02T11:53:30Z">
          <reporter-output>
          </reporter-output>
        </test-method> <!-- readExcelFromApachePOI -->
      </class> <!-- com.demo.ExcelOperations -->
    </test> <!-- Default test -->
  </suite> <!-- Default suite -->
</testng-results>
