<?xml version="1.0" encoding="UTF-8"?>
<testng-results skipped="0" failed="0" ignored="6" total="7" passed="1">
  <reporter-output>
  </reporter-output>
  <suite name="Suite" duration-ms="5006" started-at="2020-05-11T20:20:56Z" finished-at="2020-05-11T20:21:01Z">
    <groups>
    </groups>
    <test name="Test" duration-ms="5006" started-at="2020-05-11T20:20:56Z" finished-at="2020-05-11T20:21:01Z">
      <class name="com.demo.TheInternetTesting">
        <test-method status="PASS" signature="basicAuth()[pri:0, instance:com.demo.TheInternetTesting@1a561cf]" name="basicAuth" duration-ms="4976" started-at="2020-05-11T20:20:56Z" finished-at="2020-05-11T20:21:01Z">
          <reporter-output>
          </reporter-output>
        </test-method> <!-- basicAuth -->
      </class> <!-- com.demo.TheInternetTesting -->
    </test> <!-- Test -->
  </suite> <!-- Suite -->
</testng-results>
