<?xml version="1.0" encoding="UTF-8"?>
<!-- Generated by org.testng.reporters.JUnitXMLReporter -->
<testsuite hostname="megha-PC" ignored="1" name="Test" tests="1" failures="0" timestamp="07 May 2020 21:08:17 GMT" time="8.821" errors="0">
  <testcase name="doubleAndRightClick" time="8.792" classname="com.demo.KeyboardActions"/>
  <testcase name="keyboardActionsDemo" time="0.0" classname="com.demo.KeyboardActions">
    <ignored/>
  </testcase> <!-- keyboardActionsDemo -->
</testsuite> <!-- Test -->
