<?xml version="1.0" encoding="UTF-8"?>
<testng-results skipped="0" failed="0" ignored="0" total="1" passed="1">
  <reporter-output>
  </reporter-output>
  <suite name="Suite" duration-ms="11378" started-at="2020-04-08T20:15:52Z" finished-at="2020-04-08T20:16:03Z">
    <groups>
    </groups>
    <test name="Test" duration-ms="11378" started-at="2020-04-08T20:15:52Z" finished-at="2020-04-08T20:16:03Z">
      <class name="com.demo.SwitchWindows">
        <test-method status="PASS" signature="switchTabs()[pri:0, instance:com.demo.SwitchWindows@1a561cf]" name="switchTabs" duration-ms="11344" started-at="2020-04-08T20:15:52Z" finished-at="2020-04-08T20:16:03Z">
          <reporter-output>
          </reporter-output>
        </test-method> <!-- switchTabs -->
      </class> <!-- com.demo.SwitchWindows -->
    </test> <!-- Test -->
  </suite> <!-- Suite -->
</testng-results>
