<?xml version="1.0" encoding="UTF-8"?>
<!-- Generated by org.testng.reporters.JUnitXMLReporter -->
<testsuite hostname="megha-PC" ignored="6" name="Test" tests="1" failures="0" timestamp="11 May 2020 20:21:01 GMT" time="5.006" errors="0">
  <testcase name="basicAuth" time="4.976" classname="com.demo.TheInternetTesting"/>
  <testcase name="aBTesting" time="0.0" classname="com.demo.TheInternetTesting">
    <ignored/>
  </testcase> <!-- aBTesting -->
  <testcase name="dropDown" time="0.0" classname="com.demo.TheInternetTesting">
    <ignored/>
  </testcase> <!-- dropDown -->
  <testcase name="brokenImages" time="0.0" classname="com.demo.TheInternetTesting">
    <ignored/>
  </testcase> <!-- brokenImages -->
  <testcase name="addRemoveElements" time="0.0" classname="com.demo.TheInternetTesting">
    <ignored/>
  </testcase> <!-- addRemoveElements -->
  <testcase name="checkboxSelection" time="0.0" classname="com.demo.TheInternetTesting">
    <ignored/>
  </testcase> <!-- checkboxSelection -->
  <testcase name="contextMenu" time="0.0" classname="com.demo.TheInternetTesting">
    <ignored/>
  </testcase> <!-- contextMenu -->
</testsuite> <!-- Test -->
