<?xml version="1.0" encoding="UTF-8"?>
<!-- Generated by org.testng.reporters.JUnitXMLReporter -->
<testsuite hostname="megha-PC" ignored="6" name="Default test" tests="1" failures="0" timestamp="31 Mar 2020 20:09:01 GMT" time="15.542" errors="0">
  <testcase name="interactionWithLabels" time="0.05" classname="com.demo.InteractionWithElements"/>
  <testcase name="interactionWithCheckBoxElements" time="0.0" classname="com.demo.InteractionWithElements">
    <ignored/>
  </testcase> <!-- interactionWithCheckBoxElements -->
  <testcase name="interactionWithInputElements" time="0.0" classname="com.demo.InteractionWithElements">
    <ignored/>
  </testcase> <!-- interactionWithInputElements -->
  <testcase name="interactionWithRadioElements" time="0.0" classname="com.demo.InteractionWithElements">
    <ignored/>
  </testcase> <!-- interactionWithRadioElements -->
  <testcase name="interactionWithImages" time="0.0" classname="com.demo.InteractionWithElements">
    <ignored/>
  </testcase> <!-- interactionWithImages -->
  <testcase name="interactionWithButtons" time="0.0" classname="com.demo.InteractionWithElements">
    <ignored/>
  </testcase> <!-- interactionWithButtons -->
  <testcase name="interactionWithDropdown" time="0.0" classname="com.demo.InteractionWithElements">
    <ignored/>
  </testcase> <!-- interactionWithDropdown -->
</testsuite> <!-- Default test -->
