<?xml version="1.0" encoding="UTF-8"?>
<testng-results skipped="0" failed="0" ignored="0" total="1" passed="1">
  <reporter-output>
  </reporter-output>
  <suite name="Suite" duration-ms="23950" started-at="2020-05-10T12:04:53Z" finished-at="2020-05-10T12:05:17Z">
    <groups>
    </groups>
    <test name="Test" duration-ms="23950" started-at="2020-05-10T12:04:53Z" finished-at="2020-05-10T12:05:17Z">
      <class name="com.demo.DynamicControls">
        <test-method status="PASS" signature="dynamicControlButtons()[pri:0, instance:com.demo.DynamicControls@1546384]" name="dynamicControlButtons" duration-ms="23917" started-at="2020-05-10T12:04:53Z" finished-at="2020-05-10T12:05:17Z">
          <reporter-output>
          </reporter-output>
        </test-method> <!-- dynamicControlButtons -->
      </class> <!-- com.demo.DynamicControls -->
    </test> <!-- Test -->
  </suite> <!-- Suite -->
</testng-results>
