<?xml version="1.0" encoding="UTF-8"?>
<testng-results ignored="0" total="1" passed="1" failed="0" skipped="0">
  <reporter-output>
  </reporter-output>
  <suite started-at="2020-12-30T19:16:05Z" name="Suite" finished-at="2020-12-30T19:16:16Z" duration-ms="10490">
    <groups>
    </groups>
    <test started-at="2020-12-30T19:16:05Z" name="bhavi" finished-at="2020-12-30T19:16:16Z" duration-ms="10490">
      <class name="com.demo.DesiredCapabilitesChromeOptionsDemo">
        <test-method signature="executeMethod()[pri:0, instance:com.demo.DesiredCapabilitesChromeOptionsDemo@65e98b1c]" started-at="2020-12-30T19:16:05Z" name="executeMethod" finished-at="2020-12-30T19:16:16Z" duration-ms="10464" status="PASS">
          <reporter-output>
          </reporter-output>
        </test-method> <!-- executeMethod -->
      </class> <!-- com.demo.DesiredCapabilitesChromeOptionsDemo -->
    </test> <!-- bhavi -->
  </suite> <!-- Suite -->
</testng-results>
