<?xml version="1.0" encoding="UTF-8"?>
<!-- Generated by org.testng.reporters.JUnitXMLReporter -->
<testsuite hostname="megha-PC" ignored="11" name="Test" tests="1" failures="0" timestamp="04 Apr 2020 12:54:25 GMT" time="16.737" errors="0">
  <testcase name="interactionWithTables" time="1.286" classname="com.demo.InteractionWithElements"/>
  <testcase name="interactionWithUnorderedOrderedList" time="0.0" classname="com.demo.InteractionWithElements">
    <ignored/>
  </testcase> <!-- interactionWithUnorderedOrderedList -->
  <testcase name="interactionWithFrames" time="0.0" classname="com.demo.InteractionWithElements">
    <ignored/>
  </testcase> <!-- interactionWithFrames -->
  <testcase name="interactionWithCheckBoxElements" time="0.0" classname="com.demo.InteractionWithElements">
    <ignored/>
  </testcase> <!-- interactionWithCheckBoxElements -->
  <testcase name="interactionWithFileUpload" time="0.0" classname="com.demo.InteractionWithElements">
    <ignored/>
  </testcase> <!-- interactionWithFileUpload -->
  <testcase name="interactionWithLabels" time="0.0" classname="com.demo.InteractionWithElements">
    <ignored/>
  </testcase> <!-- interactionWithLabels -->
  <testcase name="interactionWithInputElements" time="0.0" classname="com.demo.InteractionWithElements">
    <ignored/>
  </testcase> <!-- interactionWithInputElements -->
  <testcase name="interactionWithAlertsAndPopups" time="0.0" classname="com.demo.InteractionWithElements">
    <ignored/>
  </testcase> <!-- interactionWithAlertsAndPopups -->
  <testcase name="interactionWithRadioElements" time="0.0" classname="com.demo.InteractionWithElements">
    <ignored/>
  </testcase> <!-- interactionWithRadioElements -->
  <testcase name="interactionWithImages" time="0.0" classname="com.demo.InteractionWithElements">
    <ignored/>
  </testcase> <!-- interactionWithImages -->
  <testcase name="interactionWithButtons" time="0.0" classname="com.demo.InteractionWithElements">
    <ignored/>
  </testcase> <!-- interactionWithButtons -->
  <testcase name="interactionWithDropdown" time="0.0" classname="com.demo.InteractionWithElements">
    <ignored/>
  </testcase> <!-- interactionWithDropdown -->
</testsuite> <!-- Test -->
