<?xml version="1.0" encoding="UTF-8"?>
<!-- Generated by org.testng.reporters.JUnitXMLReporter -->
<testsuite hostname="megha-PC" ignored="3" name="Default test" tests="1" failures="0" timestamp="02 Jan 2021 11:53:30 GMT" time="2.353" errors="0">
  <testcase name="readExcelFromApachePOI" time="2.28" classname="com.demo.ExcelOperations"/>
  <testcase name="readExcelUsingJXL" time="0.0" classname="com.demo.ExcelOperations">
    <ignored/>
  </testcase> <!-- readExcelUsingJXL -->
  <testcase name="writeExcelFromApachePOI" time="0.0" classname="com.demo.ExcelOperations">
    <ignored/>
  </testcase> <!-- writeExcelFromApachePOI -->
  <testcase name="writeExcel" time="0.0" classname="com.demo.ExcelOperations">
    <ignored/>
  </testcase> <!-- writeExcel -->
</testsuite> <!-- Default test -->
