<?xml version="1.0" encoding="UTF-8"?>
<!-- Generated by org.testng.reporters.JUnitXMLReporter -->
<testsuite hostname="megha-PC" ignored="0" name="Test1" tests="5" failures="0" timestamp="23 Mar 2020 18:57:21 GMT" time="26.256" errors="0">
  <testcase name="blaunchDriver" time="9.011" classname="com.demo.DriverDemo"/>
  <testcase name="executeTestCase2" time="9.048" classname="com.demo.TestNGParameters"/>
  <testcase name="executeTestCase3" time="14.896" classname="com.demo.TestNGParameters"/>
  <testcase name="executeTestCase1" time="19.461" classname="com.demo.TestNGParameters"/>
  <testcase name="aopenFacebook" time="17.159" classname="com.demo.DriverDemo"/>
</testsuite> <!-- Test1 -->
