<?xml version="1.0" encoding="UTF-8"?>
<!-- Generated by org.testng.reporters.JUnitXMLReporter -->
<testsuite hostname="megha-PC" ignored="0" name="Test2" tests="3" failures="0" timestamp="23 Mar 2020 18:57:34 GMT" time="13.409" errors="0">
  <testcase name="executeTestCase1" time="3.535" classname="com.demo.TestNGParameters"/>
  <testcase name="executeTestCase2" time="7.35" classname="com.demo.TestNGParameters"/>
  <testcase name="executeTestCase3" time="10.251" classname="com.demo.TestNGParameters"/>
</testsuite> <!-- Test2 -->
