<?xml version="1.0" encoding="UTF-8"?>
<!-- Generated by org.testng.reporters.JUnitXMLReporter -->
<testsuite hostname="megha-PC" ignored="0" name="Test" tests="3" failures="0" timestamp="22 Mar 2020 19:16:38 GMT" time="19.202" errors="0">
  <testcase name="executeTestCase1" time="2.632" classname="com.demo.TestNGParameters"/>
  <testcase name="executeTestCase2" time="6.011" classname="com.demo.TestNGParameters"/>
  <testcase name="executeTestCase3" time="6.524" classname="com.demo.TestNGParameters"/>
</testsuite> <!-- Test -->
