<?xml version="1.0" encoding="UTF-8"?>
<!-- Generated by org.testng.reporters.JUnitXMLReporter -->
<testsuite hostname="megha-PC" ignored="4" name="Test1" tests="5" failures="0" timestamp="23 Mar 2020 18:49:52 GMT" time="0.042" errors="0">
  <testcase name="Test1" time="0.005" classname="com.demo1.TestAnnotations"/>
  <testcase name="Test2" time="0.002" classname="com.demo1.TestAnnotations"/>
  <testcase name="Test3" time="0.005" classname="com.demo1.TestAnnotationsClass2"/>
  <testcase name="Test4" time="0.001" classname="com.demo1.TestAnnotationsClass2"/>
  <testcase name="Test5" time="0.001" classname="com.demo1.TestAnnotationsClass2"/>
  <testcase name="@BeforeSuite beforeSuiteMethod" time="0.0" classname="com.demo1.AllAnnotations">
    <ignored/>
  </testcase> <!-- @BeforeSuite beforeSuiteMethod -->
  <testcase name="@AfterSuite afterSuiteMethod" time="0.0" classname="com.demo1.AllAnnotations">
    <ignored/>
  </testcase> <!-- @AfterSuite afterSuiteMethod -->
  <testcase name="@AfterTest afterTestMethod" time="0.0" classname="com.demo1.AllAnnotations">
    <ignored/>
  </testcase> <!-- @AfterTest afterTestMethod -->
  <testcase name="@BeforeTest beforeTestMethod" time="0.0" classname="com.demo1.AllAnnotations">
    <ignored/>
  </testcase> <!-- @BeforeTest beforeTestMethod -->
</testsuite> <!-- Test1 -->
