<?xml version="1.0" encoding="UTF-8"?>
<!-- Generated by org.testng.reporters.JUnitXMLReporter -->
<testsuite hostname="megha-PC" ignored="0" name="Test2" tests="2" failures="1" timestamp="23 Mar 2020 20:09:05 GMT" time="9.986" errors="0">
  <testcase name="openDynamicUrl" time="0.0" classname="com.demo.ParameterPassingFromTestNG">
    <failure type="org.testng.TestNGException" message="
Parameter &amp;apos;munot&amp;apos; is required by @Test on method openDynamicUrl but has not been marked @Optional or defined
in E:\Bhavi\EclipseWorkspace\ParallelEecution\testng.xml">
      <![CDATA[org.testng.TestNGException: 
Parameter 'munot' is required by @Test on method openDynamicUrl but has not been marked @Optional or defined
in E:\Bhavi\EclipseWorkspace\ParallelEecution\testng.xml
... Removed 24 stack frames]]>
    </failure>
  </testcase> <!-- openDynamicUrl -->
  <testcase name="openDynamicUrl" time="9.925" classname="com.demo.ParameterPassingFromTestNG"/>
</testsuite> <!-- Test2 -->
