<?xml version="1.0" encoding="UTF-8"?>
<!-- Generated by org.testng.reporters.JUnitXMLReporter -->
<testsuite hostname="megha-PC" ignored="0" name="Test" tests="6" failures="0" timestamp="23 Mar 2020 19:12:29 GMT" time="43.067" errors="0">
  <testcase name="blaunchDriver" time="23.462" classname="com.demo.DriverDemo"/>
  <testcase name="executeTestCase1" time="24.695" classname="com.demo.TestNGParameters"/>
  <testcase name="executeTestCase2" time="30.505" classname="com.demo.TestNGParameters"/>
  <testcase name="aopenFacebook" time="36.642" classname="com.demo.DriverDemo"/>
  <testcase name="atYoutube" time="37.654" classname="com.demo.DriverDemo"/>
  <testcase name="executeTestCase3" time="19.562" classname="com.demo.TestNGParameters"/>
</testsuite> <!-- Test -->
