<?xml version="1.0" encoding="UTF-8"?>
<testng-results ignored="0" total="1" passed="1" failed="0" skipped="0">
  <reporter-output>
  </reporter-output>
  <suite started-at="2021-01-02T17:40:39Z" name="Default suite" finished-at="2021-01-02T17:40:46Z" duration-ms="7556">
    <groups>
    </groups>
    <test started-at="2021-01-02T17:40:39Z" name="Default test" finished-at="2021-01-02T17:40:46Z" duration-ms="7556">
      <class name="com.demo.Question3WriteData">
        <test-method signature="writeData()[pri:0, instance:com.demo.Question3WriteData@544d57e]" started-at="2021-01-02T17:40:39Z" name="writeData" finished-at="2021-01-02T17:40:46Z" duration-ms="7530" status="PASS">
          <reporter-output>
          </reporter-output>
        </test-method> <!-- writeData -->
      </class> <!-- com.demo.Question3WriteData -->
    </test> <!-- Default test -->
  </suite> <!-- Default suite -->
</testng-results>
