<?xml version="1.0" encoding="UTF-8"?>
<!-- Generated by org.testng.reporters.JUnitXMLReporter -->
<testsuite hostname="megha-PC" ignored="5" tests="0" failures="0" timestamp="08 May 2020 19:54:50 GMT" time="0.005" errors="0">
  <testcase name="aBTesting" time="0.0" classname="com.demo.TheInternetTesting">
    <ignored/>
  </testcase> <!-- aBTesting -->
  <testcase name="dropDown" time="0.0" classname="com.demo.TheInternetTesting">
    <ignored/>
  </testcase> <!-- dropDown -->
  <testcase name="brokenImages" time="0.0" classname="com.demo.TheInternetTesting">
    <ignored/>
  </testcase> <!-- brokenImages -->
  <testcase name="addRemoveElements" time="0.0" classname="com.demo.TheInternetTesting">
    <ignored/>
  </testcase> <!-- addRemoveElements -->
  <testcase name="checkboxSelection" time="0.0" classname="com.demo.TheInternetTesting">
    <ignored/>
  </testcase> <!-- checkboxSelection -->
</testsuite>
